Determining if the pthread_create exist failed with the following output:
Change Dir: /home/robotxf/TOD_python/TOD_ros/build/CMakeFiles/CMakeTmp

Run Build Command:"/usr/bin/make" "cmTC_4d21d/fast"
/usr/bin/make -f CMakeFiles/cmTC_4d21d.dir/build.make CMakeFiles/cmTC_4d21d.dir/build
make[1]: Entering directory '/home/robotxf/TOD_python/TOD_ros/build/CMakeFiles/CMakeTmp'
Building C object CMakeFiles/cmTC_4d21d.dir/CheckSymbolExists.c.o
/usr/bin/cc     -o CMakeFiles/cmTC_4d21d.dir/CheckSymbolExists.c.o   -c /home/robotxf/TOD_python/TOD_ros/build/CMakeFiles/CMakeTmp/CheckSymbolExists.c
Linking C executable cmTC_4d21d
/usr/bin/cmake -E cmake_link_script CMakeFiles/cmTC_4d21d.dir/link.txt --verbose=1
/usr/bin/cc       CMakeFiles/cmTC_4d21d.dir/CheckSymbolExists.c.o  -o cmTC_4d21d -rdynamic 
CMakeFiles/cmTC_4d21d.dir/CheckSymbolExists.c.o: In function `main':
CheckSymbolExists.c:(.text+0x16): undefined reference to `pthread_create'
collect2: 错误：ld 返回 1
CMakeFiles/cmTC_4d21d.dir/build.make:97: recipe for target 'cmTC_4d21d' failed
make[1]: *** [cmTC_4d21d] Error 1
make[1]: Leaving directory '/home/robotxf/TOD_python/TOD_ros/build/CMakeFiles/CMakeTmp'
Makefile:126: recipe for target 'cmTC_4d21d/fast' failed
make: *** [cmTC_4d21d/fast] Error 2

File /home/robotxf/TOD_python/TOD_ros/build/CMakeFiles/CMakeTmp/CheckSymbolExists.c:
/* */
#include <pthread.h>

int main(int argc, char** argv)
{
  (void)argv;
#ifndef pthread_create
  return ((int*)(&pthread_create))[argc];
#else
  (void)argc;
  return 0;
#endif
}

Determining if the function pthread_create exists in the pthreads failed with the following output:
Change Dir: /home/robotxf/TOD_python/TOD_ros/build/CMakeFiles/CMakeTmp

Run Build Command:"/usr/bin/make" "cmTC_7379d/fast"
/usr/bin/make -f CMakeFiles/cmTC_7379d.dir/build.make CMakeFiles/cmTC_7379d.dir/build
make[1]: Entering directory '/home/robotxf/TOD_python/TOD_ros/build/CMakeFiles/CMakeTmp'
Building C object CMakeFiles/cmTC_7379d.dir/CheckFunctionExists.c.o
/usr/bin/cc    -DCHECK_FUNCTION_EXISTS=pthread_create   -o CMakeFiles/cmTC_7379d.dir/CheckFunctionExists.c.o   -c /usr/share/cmake-3.5/Modules/CheckFunctionExists.c
Linking C executable cmTC_7379d
/usr/bin/cmake -E cmake_link_script CMakeFiles/cmTC_7379d.dir/link.txt --verbose=1
/usr/bin/cc   -DCHECK_FUNCTION_EXISTS=pthread_create    CMakeFiles/cmTC_7379d.dir/CheckFunctionExists.c.o  -o cmTC_7379d -rdynamic -lpthreads 
/usr/bin/ld: cannot find -lpthreads
collect2: 错误：ld 返回 1
CMakeFiles/cmTC_7379d.dir/build.make:97: recipe for target 'cmTC_7379d' failed
make[1]: *** [cmTC_7379d] Error 1
make[1]: Leaving directory '/home/robotxf/TOD_python/TOD_ros/build/CMakeFiles/CMakeTmp'
Makefile:126: recipe for target 'cmTC_7379d/fast' failed
make: *** [cmTC_7379d/fast] Error 2


